<?xml version="1.0" encoding="UTF-8"?>
<!-- Generated by org.testng.reporters.JUnitReportReporter -->
<testsuite hostname="RG-L200315-1397" failures="0" tests="1" name="Methods.TestNG1" time="0.013" errors="0" timestamp="2024-04-04T01:15:30 IST" skipped="0">
  <testcase classname="Methods.TestNG1" name="foo" time="0.013"/>
  <system-out/>
</testsuite> <!-- Methods.TestNG1 -->
